[INFO] [2019-09-06 10:30:20] [org.springframework.context.support.AbstractApplicationContext.prepareRefresh(AbstractApplicationContext.java:578)]
	Refreshing org.springframework.context.support.ClassPathXmlApplicationContext@19e1023e: startup date [Fri Sep 06 10:30:20 CST 2019]; root of context hierarchy
[INFO] [2019-09-06 10:30:20] [org.springframework.beans.factory.xml.XmlBeanDefinitionReader.loadBeanDefinitions(XmlBeanDefinitionReader.java:317)]
	Loading XML bean definitions from class path resource [applicationContext.xml]
[INFO] [2019-09-06 10:30:20] [org.springframework.beans.factory.xml.XmlBeanDefinitionReader.loadBeanDefinitions(XmlBeanDefinitionReader.java:317)]
	Loading XML bean definitions from class path resource [applicationContext1.xml]
[INFO] [2019-09-06 10:31:23] [org.springframework.context.support.AbstractApplicationContext.prepareRefresh(AbstractApplicationContext.java:578)]
	Refreshing org.springframework.context.support.ClassPathXmlApplicationContext@19e1023e: startup date [Fri Sep 06 10:31:23 CST 2019]; root of context hierarchy
[INFO] [2019-09-06 10:31:23] [org.springframework.beans.factory.xml.XmlBeanDefinitionReader.loadBeanDefinitions(XmlBeanDefinitionReader.java:317)]
	Loading XML bean definitions from class path resource [applicationContext.xml]
[INFO] [2019-09-06 10:31:23] [org.springframework.beans.factory.xml.XmlBeanDefinitionReader.loadBeanDefinitions(XmlBeanDefinitionReader.java:317)]
	Loading XML bean definitions from class path resource [applicationContext1.xml]
[INFO] [2019-09-06 10:31:23] [org.springframework.beans.factory.support.DefaultListableBeanFactory.registerBeanDefinition(DefaultListableBeanFactory.java:839)]
	Overriding bean definition for bean 'student' with a different definition: replacing [Generic bean: class [edu.whut.tomasyao.sameBean.Student]; scope=; abstract=false; lazyInit=false; autowireMode=0; dependencyCheck=0; autowireCandidate=true; primary=false; factoryBeanName=null; factoryMethodName=null; initMethodName=null; destroyMethodName=null; defined in class path resource [applicationContext.xml]] with [Generic bean: class [edu.whut.tomasyao.sameBean.Student1]; scope=; abstract=false; lazyInit=false; autowireMode=0; dependencyCheck=0; autowireCandidate=true; primary=false; factoryBeanName=null; factoryMethodName=null; initMethodName=null; destroyMethodName=null; defined in class path resource [applicationContext1.xml]]
[INFO] [2019-09-06 10:32:46] [org.springframework.context.support.AbstractApplicationContext.prepareRefresh(AbstractApplicationContext.java:578)]
	Refreshing org.springframework.context.support.ClassPathXmlApplicationContext@19e1023e: startup date [Fri Sep 06 10:32:46 CST 2019]; root of context hierarchy
[INFO] [2019-09-06 10:32:46] [org.springframework.beans.factory.xml.XmlBeanDefinitionReader.loadBeanDefinitions(XmlBeanDefinitionReader.java:317)]
	Loading XML bean definitions from class path resource [applicationContext.xml]
[INFO] [2019-09-06 10:32:46] [org.springframework.beans.factory.xml.XmlBeanDefinitionReader.loadBeanDefinitions(XmlBeanDefinitionReader.java:317)]
	Loading XML bean definitions from class path resource [applicationContext1.xml]
[INFO] [2019-09-06 10:32:46] [org.springframework.beans.factory.support.DefaultListableBeanFactory.registerBeanDefinition(DefaultListableBeanFactory.java:839)]
	Overriding bean definition for bean 'student' with a different definition: replacing [Generic bean: class [edu.whut.tomasyao.sameBean.Student]; scope=; abstract=false; lazyInit=false; autowireMode=0; dependencyCheck=0; autowireCandidate=true; primary=false; factoryBeanName=null; factoryMethodName=null; initMethodName=null; destroyMethodName=null; defined in class path resource [applicationContext.xml]] with [Generic bean: class [edu.whut.tomasyao.sameBean.Student1]; scope=; abstract=false; lazyInit=false; autowireMode=0; dependencyCheck=0; autowireCandidate=true; primary=false; factoryBeanName=null; factoryMethodName=null; initMethodName=null; destroyMethodName=null; defined in class path resource [applicationContext1.xml]]
[INFO] [2019-09-06 10:33:05] [org.springframework.context.support.AbstractApplicationContext.prepareRefresh(AbstractApplicationContext.java:578)]
	Refreshing org.springframework.context.support.ClassPathXmlApplicationContext@19e1023e: startup date [Fri Sep 06 10:33:05 CST 2019]; root of context hierarchy
[INFO] [2019-09-06 10:33:05] [org.springframework.beans.factory.xml.XmlBeanDefinitionReader.loadBeanDefinitions(XmlBeanDefinitionReader.java:317)]
	Loading XML bean definitions from class path resource [applicationContext1.xml]
[INFO] [2019-09-06 10:33:05] [org.springframework.beans.factory.xml.XmlBeanDefinitionReader.loadBeanDefinitions(XmlBeanDefinitionReader.java:317)]
	Loading XML bean definitions from class path resource [applicationContext.xml]
[INFO] [2019-09-06 10:33:05] [org.springframework.beans.factory.support.DefaultListableBeanFactory.registerBeanDefinition(DefaultListableBeanFactory.java:839)]
	Overriding bean definition for bean 'student' with a different definition: replacing [Generic bean: class [edu.whut.tomasyao.sameBean.Student1]; scope=; abstract=false; lazyInit=false; autowireMode=0; dependencyCheck=0; autowireCandidate=true; primary=false; factoryBeanName=null; factoryMethodName=null; initMethodName=null; destroyMethodName=null; defined in class path resource [applicationContext1.xml]] with [Generic bean: class [edu.whut.tomasyao.sameBean.Student]; scope=; abstract=false; lazyInit=false; autowireMode=0; dependencyCheck=0; autowireCandidate=true; primary=false; factoryBeanName=null; factoryMethodName=null; initMethodName=null; destroyMethodName=null; defined in class path resource [applicationContext.xml]]
[INFO] [2019-09-06 10:33:36] [org.springframework.context.support.AbstractApplicationContext.prepareRefresh(AbstractApplicationContext.java:578)]
	Refreshing org.springframework.context.support.ClassPathXmlApplicationContext@19e1023e: startup date [Fri Sep 06 10:33:36 CST 2019]; root of context hierarchy
[INFO] [2019-09-06 10:33:36] [org.springframework.beans.factory.xml.XmlBeanDefinitionReader.loadBeanDefinitions(XmlBeanDefinitionReader.java:317)]
	Loading XML bean definitions from class path resource [applicationContext1.xml]
[INFO] [2019-09-06 10:33:36] [org.springframework.beans.factory.xml.XmlBeanDefinitionReader.loadBeanDefinitions(XmlBeanDefinitionReader.java:317)]
	Loading XML bean definitions from class path resource [applicationContext.xml]
[INFO] [2019-09-06 10:33:36] [org.springframework.beans.factory.support.DefaultListableBeanFactory.registerBeanDefinition(DefaultListableBeanFactory.java:839)]
	Overriding bean definition for bean 'student' with a different definition: replacing [Generic bean: class [edu.whut.tomasyao.sameBean.Student1]; scope=; abstract=false; lazyInit=false; autowireMode=0; dependencyCheck=0; autowireCandidate=true; primary=false; factoryBeanName=null; factoryMethodName=null; initMethodName=null; destroyMethodName=null; defined in class path resource [applicationContext1.xml]] with [Generic bean: class [edu.whut.tomasyao.sameBean.Student]; scope=; abstract=false; lazyInit=false; autowireMode=0; dependencyCheck=0; autowireCandidate=true; primary=false; factoryBeanName=null; factoryMethodName=null; initMethodName=null; destroyMethodName=null; defined in class path resource [applicationContext.xml]]
[INFO] [2019-09-06 10:38:50] [org.springframework.context.support.AbstractApplicationContext.prepareRefresh(AbstractApplicationContext.java:578)]
	Refreshing org.springframework.context.support.ClassPathXmlApplicationContext@19e1023e: startup date [Fri Sep 06 10:38:50 CST 2019]; root of context hierarchy
[INFO] [2019-09-06 10:38:50] [org.springframework.beans.factory.xml.XmlBeanDefinitionReader.loadBeanDefinitions(XmlBeanDefinitionReader.java:317)]
	Loading XML bean definitions from class path resource [applicationContext1.xml]
[INFO] [2019-09-06 10:38:51] [org.springframework.beans.factory.xml.XmlBeanDefinitionReader.loadBeanDefinitions(XmlBeanDefinitionReader.java:317)]
	Loading XML bean definitions from class path resource [applicationContext.xml]
